<?xml version="1.0" encoding="UTF-8"?>
<!-- Generated by org.testng.reporters.JUnitReportReporter -->
<testsuite hostname="LAPTOP-FL98232P" failures="0" tests="1" name="mavenProjectDemo.DemoclassEx" time="10.272" errors="0" timestamp="2023-07-05T15:54:40 IST" skipped="0">
  <testcase classname="mavenProjectDemo.DemoclassEx" name="m1" time="10.272"/>
  <system-out/>
</testsuite> <!-- mavenProjectDemo.DemoclassEx -->
