<?xml version="1.0" encoding="UTF-8"?>
<!-- Generated by org.testng.reporters.JUnitReportReporter -->
<testsuite hostname="LAPTOP-FL98232P" failures="0" tests="1" name="mavenProjectDemo.Democlass2Test" time="7.779" errors="0" timestamp="2023-07-07T10:20:26 IST" skipped="0">
  <testcase classname="mavenProjectDemo.Democlass2Test" name="m2" time="7.779"/>
  <system-out/>
</testsuite> <!-- mavenProjectDemo.Democlass2Test -->
