<?xml version="1.0" encoding="UTF-8"?>
<!-- Generated by org.testng.reporters.JUnitReportReporter -->
<testsuite hostname="LAPTOP-FL98232P" failures="0" tests="1" name="mavenProjectDemo.Democlass2" time="4.366" errors="0" timestamp="2023-07-06T10:34:29 IST" skipped="0">
  <testcase classname="mavenProjectDemo.Democlass2" name="m2" time="4.366"/>
  <system-out/>
</testsuite> <!-- mavenProjectDemo.Democlass2 -->
